
=== Thu May 27 13:17:29 2021

Packages were changed.
Update Mode: updateDependencies

The following packages were updated:
  com.unity.ads from version 3.6.1 to 3.7.1
  com.unity.purchasing from version 2.2.2 to 3.0.2
  com.unity.textmeshpro from version 3.0.1 to 3.0.6
  com.unity.timeline from version 1.4.7 to 1.4.8

=== Tue Jul 27 18:06:08 2021

Packages were changed.
Update Mode: updateDependencies

The following packages were updated:
  com.unity.collab-proxy from version 1.3.9 to 1.7.1
  com.unity.ide.visualstudio from version 2.0.7 to 2.0.9
  com.unity.purchasing from version 3.0.2 to 3.2.2
  com.unity.test-framework from version 1.1.24 to 1.1.27

=== Fri Jul 14 14:02:44 2023

Packages were changed.
Update Mode: updateDependencies

The following packages were updated:
  com.unity.ads from version 3.7.1 to 4.4.2
  com.unity.analytics from version 3.5.3 to 3.6.12
  com.unity.collab-proxy from version 1.7.1 to 2.0.4
  com.unity.ide.rider from version 2.0.7 to 3.0.21
  com.unity.ide.visualstudio from version 2.0.9 to 2.0.18
  com.unity.ide.vscode from version 1.2.3 to 1.2.5
  com.unity.purchasing from version 3.2.2 to 4.8.0
  com.unity.test-framework from version 1.1.27 to 1.1.33
  com.unity.xr.legacyinputhelpers from version 2.1.7 to 2.1.10
